2025-06-27 00:09:30.366 Main INFO: Bienvenue, Bienvenido, Willkommen, Hello, Namaskar, Welkom, Bonjour to OpenPnP version 2025-02-02_20-41-38.e468422.
2025-06-27 00:09:30.368 Scripting TRACE: Scripting.on Startup
2025-06-27 00:09:30.376 CameraView DEBUG: Failed to load camera specific reticle, checking default.
2025-06-27 00:09:30.378 CameraView DEBUG: No reticle preference found.
2025-06-27 00:09:31.289 CameraView DEBUG: Failed to load camera specific reticle, checking default.
2025-06-27 00:09:31.290 CameraView DEBUG: No reticle preference found.
2025-06-27 00:09:31.300 AbstractBroadcastingCamera TRACE: Camera Bottom thread 113 started.
2025-06-27 00:09:31.300 AbstractBroadcastingCamera TRACE: Camera Top thread 111 started.
2025-06-27 00:09:34.266 ReferenceMachine DEBUG: setEnabled(true)
2025-06-27 00:09:34.271 GcodeDriver DEBUG: [GcodeAsyncDriver:192.168.0.127:23] Connect
2025-06-27 00:09:34.294 GcodeDriver TRACE: GcodeAsyncDriver waiting for connection 3000ms
2025-06-27 00:09:37.296 GcodeDriver TRACE: Send-on-change logic for Feed Rate, Acceleration and Jerk reset
2025-06-27 00:09:37.298 MessageBoxes DEBUG: Error: java.lang.Exception: GcodeAsyncDriver configuration error: missing POSITION_REPORT_REGEX.
2025-06-27 00:09:42.808 AbstractMachine TRACE: Machine entering idle state.
2025-06-27 00:09:54.687 ReferenceMachine DEBUG: setEnabled(true)
2025-06-27 00:09:54.722 AbstractMachine TRACE: Machine entering idle state.
2025-06-27 00:09:56.238 ReferenceHead DEBUG: H1.moveToSafeZ(1.0)
2025-06-27 00:09:56.239 AbstractHeadMountable DEBUG: N1.moveToSafeZ(1.0)
2025-06-27 00:09:56.240 AbstractHeadMountable DEBUG: N2.moveToSafeZ(1.0)
2025-06-27 00:09:56.241 AbstractHeadMountable DEBUG: Top.moveToSafeZ(1.0)
2025-06-27 00:09:56.243 AbstractHeadMountable DEBUG: N1.moveTo((0.000000, 0.000000, 0.000000, 0.000000 mm), 1.0)
2025-06-27 00:09:56.248 AbstractMachine TRACE: Machine entering idle state.
2025-06-27 00:09:58.637 ReferenceHead DEBUG: H1.moveToSafeZ(1.0)
2025-06-27 00:09:58.637 AbstractHeadMountable DEBUG: N1.moveToSafeZ(1.0)
2025-06-27 00:09:58.638 AbstractHeadMountable DEBUG: N2.moveToSafeZ(1.0)
2025-06-27 00:09:58.639 AbstractHeadMountable DEBUG: Top.moveToSafeZ(1.0)
2025-06-27 00:09:58.639 AbstractHeadMountable DEBUG: N1.moveTo((0.000000, 0.000000, 0.000000, 0.000000 mm), 1.0)
2025-06-27 00:09:58.643 AbstractMachine TRACE: Machine entering idle state.
2025-06-27 00:09:59.821 ReferenceHead DEBUG: H1.moveToSafeZ(1.0)
2025-06-27 00:09:59.822 AbstractHeadMountable DEBUG: N1.moveToSafeZ(1.0)
2025-06-27 00:09:59.823 AbstractHeadMountable DEBUG: N2.moveToSafeZ(1.0)
2025-06-27 00:09:59.824 AbstractHeadMountable DEBUG: Top.moveToSafeZ(1.0)
2025-06-27 00:09:59.825 AbstractHeadMountable DEBUG: N1.moveTo((0.000000, 0.000000, 0.000000, 0.000000 mm), 1.0)
2025-06-27 00:09:59.827 AbstractMachine TRACE: Machine entering idle state.
2025-06-27 00:11:17.921 ReferenceHead DEBUG: H1.moveToSafeZ(1.0)
2025-06-27 00:11:17.921 AbstractHeadMountable DEBUG: N1.moveToSafeZ(1.0)
2025-06-27 00:11:17.922 AbstractHeadMountable DEBUG: N2.moveToSafeZ(1.0)
2025-06-27 00:11:17.923 AbstractHeadMountable DEBUG: Top.moveToSafeZ(1.0)
2025-06-27 00:11:17.924 AbstractHeadMountable DEBUG: N1.moveTo((0.000000, 0.000000, 0.000000, 0.000000 mm), 1.0)
2025-06-27 00:11:17.927 AbstractMachine TRACE: Machine entering idle state.
2025-06-27 00:11:19.079 AbstractHeadMountable DEBUG: N1.moveTo((0.000000, 0.000000, -0.010000, 0.000000 mm), 1.0)
2025-06-27 00:11:19.081 AbstractMachine TRACE: Exception caught, executing pending motion: java.lang.Exception: Machine not homed. Jogging only allowed if driver GcodeAsyncDriver has option "Sync. Initial Location" enabled.
	at org.openpnp.machine.reference.driver.AbstractMotionPlanner.moveTo(AbstractMotionPlanner.java:173)
	at org.openpnp.machine.reference.driver.NullMotionPlanner.moveTo(NullMotionPlanner.java:48)
	at org.openpnp.machine.reference.ReferenceHead.moveTo(ReferenceHead.java:157)
	at org.openpnp.spi.base.AbstractHeadMountable.moveTo(AbstractHeadMountable.java:243)
	at org.openpnp.spi.base.AbstractHeadMountable.moveTo(AbstractHeadMountable.java:280)
	at org.openpnp.gui.JogControlsPanel.jogTool(JogControlsPanel.java:216)
	at org.openpnp.gui.JogControlsPanel.lambda$jog$0(JogControlsPanel.java:167)
	at org.openpnp.util.UiUtils.lambda$submitUiMachineTask$0(UiUtils.java:67)
	at org.openpnp.spi.base.AbstractMachine$1.call(AbstractMachine.java:575)
	at java.base/java.util.concurrent.FutureTask.run(FutureTask.java:317)
	at java.base/java.util.concurrent.ThreadPoolExecutor.runWorker(ThreadPoolExecutor.java:1144)
	at java.base/java.util.concurrent.ThreadPoolExecutor$Worker.run(ThreadPoolExecutor.java:642)
	at java.base/java.lang.Thread.run(Thread.java:1575)
2025-06-27 00:11:19.082 AbstractMachine TRACE: Machine entering idle state.
2025-06-27 00:11:19.086 MessageBoxes DEBUG: Error: java.lang.Exception: Machine not homed. Jogging only allowed if driver GcodeAsyncDriver has option "Sync. Initial Location" enabled.
2025-06-27 00:11:30.933 ReferenceHead DEBUG: H1.moveToSafeZ(1.0)
2025-06-27 00:11:30.935 AbstractHeadMountable DEBUG: N1.moveToSafeZ(1.0)
2025-06-27 00:11:30.935 AbstractHeadMountable DEBUG: N2.moveToSafeZ(1.0)
2025-06-27 00:11:30.936 AbstractHeadMountable DEBUG: Top.moveToSafeZ(1.0)
2025-06-27 00:11:30.937 AbstractHeadMountable DEBUG: N1.moveTo((0.000000, 0.000000, 0.000000, 0.000000 mm), 1.0)
2025-06-27 00:11:30.940 AbstractMachine TRACE: Machine entering idle state.
2025-06-27 00:11:32.253 ReferenceHead DEBUG: H1.moveToSafeZ(1.0)
2025-06-27 00:11:32.254 AbstractHeadMountable DEBUG: N1.moveToSafeZ(1.0)
2025-06-27 00:11:32.254 AbstractHeadMountable DEBUG: N2.moveToSafeZ(1.0)
2025-06-27 00:11:32.255 AbstractHeadMountable DEBUG: Top.moveToSafeZ(1.0)
2025-06-27 00:11:32.256 AbstractHeadMountable DEBUG: N1.moveTo((0.000000, 0.000000, 0.000000, 0.000000 mm), 1.0)
2025-06-27 00:11:32.258 AbstractMachine TRACE: Machine entering idle state.
2025-06-27 00:11:38.037 ReferenceHead DEBUG: H1.moveToSafeZ(1.0)
2025-06-27 00:11:38.037 AbstractHeadMountable DEBUG: N1.moveToSafeZ(1.0)
2025-06-27 00:11:38.038 AbstractHeadMountable DEBUG: N2.moveToSafeZ(1.0)
2025-06-27 00:11:38.039 AbstractHeadMountable DEBUG: Top.moveToSafeZ(1.0)
2025-06-27 00:11:38.040 AbstractHeadMountable DEBUG: N1.moveTo((0.000000, 0.000000, 0.000000, 0.000000 mm), 1.0)
2025-06-27 00:11:38.044 AbstractMachine TRACE: Machine entering idle state.
2025-06-27 00:11:47.628 ReferenceHead DEBUG: H1.moveToSafeZ(1.0)
2025-06-27 00:11:47.629 AbstractHeadMountable DEBUG: N1.moveToSafeZ(1.0)
2025-06-27 00:11:47.629 AbstractHeadMountable DEBUG: N2.moveToSafeZ(1.0)
2025-06-27 00:11:47.630 AbstractHeadMountable DEBUG: Top.moveToSafeZ(1.0)
2025-06-27 00:11:47.631 AbstractHeadMountable DEBUG: N1.moveTo((0.000000, 0.000000, 0.000000, 0.000000 mm), 1.0)
2025-06-27 00:12:08.952 ReferenceHead DEBUG: H1.moveToSafeZ(1.0)
2025-06-27 00:12:08.953 AbstractHeadMountable DEBUG: N1.moveToSafeZ(1.0)
2025-06-27 00:12:08.954 AbstractHeadMountable DEBUG: N2.moveToSafeZ(1.0)
2025-06-27 00:12:08.954 AbstractHeadMountable DEBUG: Top.moveToSafeZ(1.0)
2025-06-27 00:12:08.955 AbstractHeadMountable DEBUG: Top.moveTo((0.000000, 0.000000, NaN, NaN mm), 1.0)
2025-06-27 00:12:08.956 AbstractMachine TRACE: Machine entering idle state.
2025-06-27 00:12:08.957 ReferenceActuator DEBUG: LIGHT_TOP.actuate(true)
2025-06-27 00:12:10.496 ReferenceHead DEBUG: H1.moveToSafeZ(1.0)
2025-06-27 00:12:10.497 AbstractHeadMountable DEBUG: N1.moveToSafeZ(1.0)
2025-06-27 00:12:10.498 AbstractHeadMountable DEBUG: N2.moveToSafeZ(1.0)
2025-06-27 00:12:10.499 AbstractHeadMountable DEBUG: Top.moveToSafeZ(1.0)
2025-06-27 00:12:10.500 AbstractHeadMountable DEBUG: Top.moveTo((0.000000, 0.000000, 0.000000, 0.000000 mm), 1.0)
2025-06-27 00:12:10.502 AbstractMachine TRACE: Machine entering idle state.
2025-06-27 00:12:11.787 ReferenceMachine DEBUG: homing machine
2025-06-27 00:12:11.790 GcodeAsyncDriver DEBUG: [GcodeAsyncDriver:192.168.0.127:23] commandQueue offer >> G28 Z
2025-06-27 00:12:11.793 GcodeDriver TRACE: Send-on-change logic for Feed Rate, Acceleration and Jerk reset
2025-06-27 00:12:11.793 GcodeAsyncDriver$WriterThread TRACE: [GcodeAsyncDriver:192.168.0.127:23] >> G28 Z
2025-06-27 00:12:11.793 AbstractMachine TRACE: Exception caught, executing pending motion: java.lang.Exception: Axis C1 has no driver set.
	at org.openpnp.machine.reference.driver.AbstractMotionPlanner.home(AbstractMotionPlanner.java:106)
	at org.openpnp.machine.reference.ReferenceMachine.home(ReferenceMachine.java:534)
	at org.openpnp.gui.MachineControlsPanel$HomeAction.lambda$actionPerformed$0(MachineControlsPanel.java:420)
	at org.openpnp.util.UiUtils.lambda$submitUiMachineTask$0(UiUtils.java:67)
	at org.openpnp.spi.base.AbstractMachine$1.call(AbstractMachine.java:575)
	at java.base/java.util.concurrent.FutureTask.run(FutureTask.java:317)
	at java.base/java.util.concurrent.ThreadPoolExecutor.runWorker(ThreadPoolExecutor.java:1144)
	at java.base/java.util.concurrent.ThreadPoolExecutor$Worker.run(ThreadPoolExecutor.java:642)
	at java.base/java.lang.Thread.run(Thread.java:1575)
2025-06-27 00:12:11.794 AbstractMachine TRACE: Machine entering idle state.
2025-06-27 00:12:11.794 MessageBoxes DEBUG: Error: java.lang.Exception: Axis C1 has no driver set.
2025-06-27 00:12:14.907 GcodeDriver$ReaderThread TRACE: [GcodeAsyncDriver:192.168.0.127:23] << ok
2025-06-27 00:12:16.849 ReferenceMachine DEBUG: homing machine
2025-06-27 00:12:16.850 GcodeAsyncDriver DEBUG: [GcodeAsyncDriver:192.168.0.127:23] commandQueue offer >> G28 Z
2025-06-27 00:12:16.852 GcodeDriver TRACE: Send-on-change logic for Feed Rate, Acceleration and Jerk reset
2025-06-27 00:12:16.852 GcodeDriver TRACE: [GcodeAsyncDriver:192.168.0.127:23] confirmed G28 Z
2025-06-27 00:12:16.852 AbstractMachine TRACE: Exception caught, executing pending motion: java.lang.Exception: Axis C1 has no driver set.
	at org.openpnp.machine.reference.driver.AbstractMotionPlanner.home(AbstractMotionPlanner.java:106)
	at org.openpnp.machine.reference.ReferenceMachine.home(ReferenceMachine.java:534)
	at org.openpnp.gui.MachineControlsPanel$HomeAction.lambda$actionPerformed$0(MachineControlsPanel.java:420)
	at org.openpnp.util.UiUtils.lambda$submitUiMachineTask$0(UiUtils.java:67)
	at org.openpnp.spi.base.AbstractMachine$1.call(AbstractMachine.java:575)
	at java.base/java.util.concurrent.FutureTask.run(FutureTask.java:317)
	at java.base/java.util.concurrent.ThreadPoolExecutor.runWorker(ThreadPoolExecutor.java:1144)
	at java.base/java.util.concurrent.ThreadPoolExecutor$Worker.run(ThreadPoolExecutor.java:642)
	at java.base/java.lang.Thread.run(Thread.java:1575)
2025-06-27 00:12:16.852 GcodeAsyncDriver$WriterThread TRACE: [GcodeAsyncDriver:192.168.0.127:23] >> G28 Z
2025-06-27 00:12:16.852 AbstractMachine TRACE: Machine entering idle state.
2025-06-27 00:12:16.853 MessageBoxes DEBUG: Error: java.lang.Exception: Axis C1 has no driver set.
2025-06-27 00:12:17.295 GcodeDriver$ReaderThread TRACE: [GcodeAsyncDriver:192.168.0.127:23] << ok
2025-06-27 00:12:22.369 ReferenceMachine DEBUG: homing machine
2025-06-27 00:12:22.371 GcodeAsyncDriver DEBUG: [GcodeAsyncDriver:192.168.0.127:23] commandQueue offer >> G28 Z
2025-06-27 00:12:22.371 GcodeDriver TRACE: [GcodeAsyncDriver:192.168.0.127:23] confirmed G28 Z
2025-06-27 00:12:22.371 GcodeDriver TRACE: Send-on-change logic for Feed Rate, Acceleration and Jerk reset
2025-06-27 00:12:22.372 GcodeAsyncDriver$WriterThread TRACE: [GcodeAsyncDriver:192.168.0.127:23] >> G28 Z
2025-06-27 00:12:22.372 AbstractMachine TRACE: Exception caught, executing pending motion: java.lang.Exception: Axis C1 has no driver set.
	at org.openpnp.machine.reference.driver.AbstractMotionPlanner.home(AbstractMotionPlanner.java:106)
	at org.openpnp.machine.reference.ReferenceMachine.home(ReferenceMachine.java:534)
	at org.openpnp.gui.MachineControlsPanel$HomeAction.lambda$actionPerformed$0(MachineControlsPanel.java:420)
	at org.openpnp.util.UiUtils.lambda$submitUiMachineTask$0(UiUtils.java:67)
	at org.openpnp.spi.base.AbstractMachine$1.call(AbstractMachine.java:575)
	at java.base/java.util.concurrent.FutureTask.run(FutureTask.java:317)
	at java.base/java.util.concurrent.ThreadPoolExecutor.runWorker(ThreadPoolExecutor.java:1144)
	at java.base/java.util.concurrent.ThreadPoolExecutor$Worker.run(ThreadPoolExecutor.java:642)
	at java.base/java.lang.Thread.run(Thread.java:1575)
2025-06-27 00:12:22.372 AbstractMachine TRACE: Machine entering idle state.
2025-06-27 00:12:22.372 MessageBoxes DEBUG: Error: java.lang.Exception: Axis C1 has no driver set.
2025-06-27 00:12:22.814 GcodeDriver$ReaderThread TRACE: [GcodeAsyncDriver:192.168.0.127:23] << ok
2025-06-27 00:12:56.819 ReferenceMachine DEBUG: homing machine
2025-06-27 00:12:56.821 AbstractMachine TRACE: Exception caught, executing pending motion: java.lang.Exception: Axis C1 has no letter assigned.
	at org.openpnp.model.AxesLocation.getAxisByVariable(AxesLocation.java:553)
	at org.openpnp.machine.reference.driver.GcodeDriver.home(GcodeDriver.java:595)
	at org.openpnp.machine.reference.driver.GcodeAsyncDriver.home(GcodeAsyncDriver.java:117)
	at org.openpnp.machine.reference.driver.AbstractMotionPlanner.home(AbstractMotionPlanner.java:100)
	at org.openpnp.machine.reference.ReferenceMachine.home(ReferenceMachine.java:534)
	at org.openpnp.gui.MachineControlsPanel$HomeAction.lambda$actionPerformed$0(MachineControlsPanel.java:420)
	at org.openpnp.util.UiUtils.lambda$submitUiMachineTask$0(UiUtils.java:67)
	at org.openpnp.spi.base.AbstractMachine$1.call(AbstractMachine.java:575)
	at java.base/java.util.concurrent.FutureTask.run(FutureTask.java:317)
	at java.base/java.util.concurrent.ThreadPoolExecutor.runWorker(ThreadPoolExecutor.java:1144)
	at java.base/java.util.concurrent.ThreadPoolExecutor$Worker.run(ThreadPoolExecutor.java:642)
	at java.base/java.lang.Thread.run(Thread.java:1575)
2025-06-27 00:12:56.821 AbstractMachine TRACE: Machine entering idle state.
2025-06-27 00:12:56.821 MessageBoxes DEBUG: Error: java.lang.Exception: Axis C1 has no letter assigned.
2025-06-27 00:13:18.501 ReferenceMachine DEBUG: homing machine
2025-06-27 00:13:18.503 GcodeAsyncDriver DEBUG: [GcodeAsyncDriver:192.168.0.127:23] commandQueue offer >> G28 Z
2025-06-27 00:13:18.503 GcodeDriver TRACE: [GcodeAsyncDriver:192.168.0.127:23] confirmed G28 Z
2025-06-27 00:13:18.504 GcodeDriver TRACE: Send-on-change logic for Feed Rate, Acceleration and Jerk reset
2025-06-27 00:13:18.504 GcodeAsyncDriver$WriterThread TRACE: [GcodeAsyncDriver:192.168.0.127:23] >> G28 Z
2025-06-27 00:13:18.504 AbstractMachine TRACE: Exception caught, executing pending motion: java.lang.Exception: GcodeAsyncDriver configuration error: missing POSITION_REPORT_REGEX.
	at org.openpnp.machine.reference.driver.GcodeDriver.getReportedLocation(GcodeDriver.java:760)
	at org.openpnp.machine.reference.driver.GcodeAsyncDriver.waitForCompletion(GcodeAsyncDriver.java:383)
	at org.openpnp.machine.reference.driver.AbstractMotionPlanner.waitForDriverCompletion(AbstractMotionPlanner.java:852)
	at org.openpnp.machine.reference.driver.AbstractMotionPlanner.waitForCompletion(AbstractMotionPlanner.java:763)
	at org.openpnp.machine.reference.driver.AbstractMotionPlanner.home(AbstractMotionPlanner.java:114)
	at org.openpnp.machine.reference.ReferenceMachine.home(ReferenceMachine.java:534)
	at org.openpnp.gui.MachineControlsPanel$HomeAction.lambda$actionPerformed$0(MachineControlsPanel.java:420)
	at org.openpnp.util.UiUtils.lambda$submitUiMachineTask$0(UiUtils.java:67)
	at org.openpnp.spi.base.AbstractMachine$1.call(AbstractMachine.java:575)
	at java.base/java.util.concurrent.FutureTask.run(FutureTask.java:317)
	at java.base/java.util.concurrent.ThreadPoolExecutor.runWorker(ThreadPoolExecutor.java:1144)
	at java.base/java.util.concurrent.ThreadPoolExecutor$Worker.run(ThreadPoolExecutor.java:642)
	at java.base/java.lang.Thread.run(Thread.java:1575)
2025-06-27 00:13:18.505 AbstractMachine TRACE: Machine entering idle state.
2025-06-27 00:13:18.505 MessageBoxes DEBUG: Error: java.lang.Exception: GcodeAsyncDriver configuration error: missing POSITION_REPORT_REGEX.
2025-06-27 00:13:18.945 GcodeDriver$ReaderThread TRACE: [GcodeAsyncDriver:192.168.0.127:23] << ok
2025-06-27 00:13:24.081 ReferenceMachine DEBUG: homing machine
2025-06-27 00:13:24.083 GcodeAsyncDriver DEBUG: [GcodeAsyncDriver:192.168.0.127:23] commandQueue offer >> G28 Z
2025-06-27 00:13:24.083 GcodeDriver TRACE: [GcodeAsyncDriver:192.168.0.127:23] confirmed G28 Z
2025-06-27 00:13:24.083 GcodeDriver TRACE: Send-on-change logic for Feed Rate, Acceleration and Jerk reset
2025-06-27 00:13:24.084 GcodeAsyncDriver$WriterThread TRACE: [GcodeAsyncDriver:192.168.0.127:23] >> G28 Z
2025-06-27 00:13:24.084 AbstractMachine TRACE: Exception caught, executing pending motion: java.lang.Exception: GcodeAsyncDriver configuration error: missing POSITION_REPORT_REGEX.
	at org.openpnp.machine.reference.driver.GcodeDriver.getReportedLocation(GcodeDriver.java:760)
	at org.openpnp.machine.reference.driver.GcodeAsyncDriver.waitForCompletion(GcodeAsyncDriver.java:383)
	at org.openpnp.machine.reference.driver.AbstractMotionPlanner.waitForDriverCompletion(AbstractMotionPlanner.java:852)
	at org.openpnp.machine.reference.driver.AbstractMotionPlanner.waitForCompletion(AbstractMotionPlanner.java:763)
	at org.openpnp.machine.reference.driver.AbstractMotionPlanner.home(AbstractMotionPlanner.java:114)
	at org.openpnp.machine.reference.ReferenceMachine.home(ReferenceMachine.java:534)
	at org.openpnp.gui.MachineControlsPanel$HomeAction.lambda$actionPerformed$0(MachineControlsPanel.java:420)
	at org.openpnp.util.UiUtils.lambda$submitUiMachineTask$0(UiUtils.java:67)
	at org.openpnp.spi.base.AbstractMachine$1.call(AbstractMachine.java:575)
	at java.base/java.util.concurrent.FutureTask.run(FutureTask.java:317)
	at java.base/java.util.concurrent.ThreadPoolExecutor.runWorker(ThreadPoolExecutor.java:1144)
	at java.base/java.util.concurrent.ThreadPoolExecutor$Worker.run(ThreadPoolExecutor.java:642)
	at java.base/java.lang.Thread.run(Thread.java:1575)
2025-06-27 00:13:24.084 AbstractMachine TRACE: Machine entering idle state.
2025-06-27 00:13:24.084 MessageBoxes DEBUG: Error: java.lang.Exception: GcodeAsyncDriver configuration error: missing POSITION_REPORT_REGEX.
2025-06-27 00:13:24.525 GcodeDriver$ReaderThread TRACE: [GcodeAsyncDriver:192.168.0.127:23] << ok
2025-06-27 00:13:27.441 ReferenceMachine DEBUG: homing machine
2025-06-27 00:13:27.442 GcodeAsyncDriver DEBUG: [GcodeAsyncDriver:192.168.0.127:23] commandQueue offer >> G28 Z
2025-06-27 00:13:27.443 GcodeDriver TRACE: [GcodeAsyncDriver:192.168.0.127:23] confirmed G28 Z
2025-06-27 00:13:27.443 GcodeDriver TRACE: Send-on-change logic for Feed Rate, Acceleration and Jerk reset
2025-06-27 00:13:27.443 GcodeAsyncDriver$WriterThread TRACE: [GcodeAsyncDriver:192.168.0.127:23] >> G28 Z
2025-06-27 00:13:27.443 AbstractMachine TRACE: Exception caught, executing pending motion: java.lang.Exception: GcodeAsyncDriver configuration error: missing POSITION_REPORT_REGEX.
	at org.openpnp.machine.reference.driver.GcodeDriver.getReportedLocation(GcodeDriver.java:760)
	at org.openpnp.machine.reference.driver.GcodeAsyncDriver.waitForCompletion(GcodeAsyncDriver.java:383)
	at org.openpnp.machine.reference.driver.AbstractMotionPlanner.waitForDriverCompletion(AbstractMotionPlanner.java:852)
	at org.openpnp.machine.reference.driver.AbstractMotionPlanner.waitForCompletion(AbstractMotionPlanner.java:763)
	at org.openpnp.machine.reference.driver.AbstractMotionPlanner.home(AbstractMotionPlanner.java:114)
	at org.openpnp.machine.reference.ReferenceMachine.home(ReferenceMachine.java:534)
	at org.openpnp.gui.MachineControlsPanel$HomeAction.lambda$actionPerformed$0(MachineControlsPanel.java:420)
	at org.openpnp.util.UiUtils.lambda$submitUiMachineTask$0(UiUtils.java:67)
	at org.openpnp.spi.base.AbstractMachine$1.call(AbstractMachine.java:575)
	at java.base/java.util.concurrent.FutureTask.run(FutureTask.java:317)
	at java.base/java.util.concurrent.ThreadPoolExecutor.runWorker(ThreadPoolExecutor.java:1144)
	at java.base/java.util.concurrent.ThreadPoolExecutor$Worker.run(ThreadPoolExecutor.java:642)
	at java.base/java.lang.Thread.run(Thread.java:1575)
2025-06-27 00:13:27.444 AbstractMachine TRACE: Machine entering idle state.
2025-06-27 00:13:27.444 MessageBoxes DEBUG: Error: java.lang.Exception: GcodeAsyncDriver configuration error: missing POSITION_REPORT_REGEX.
2025-06-27 00:13:27.887 GcodeDriver$ReaderThread TRACE: [GcodeAsyncDriver:192.168.0.127:23] << ok
2025-06-27 00:13:31.258 ReferenceMachine DEBUG: homing machine
2025-06-27 00:13:31.259 GcodeAsyncDriver DEBUG: [GcodeAsyncDriver:192.168.0.127:23] commandQueue offer >> G28 Z
2025-06-27 00:13:31.260 GcodeDriver TRACE: Send-on-change logic for Feed Rate, Acceleration and Jerk reset
2025-06-27 00:13:31.260 GcodeDriver TRACE: [GcodeAsyncDriver:192.168.0.127:23] confirmed G28 Z
2025-06-27 00:13:31.260 AbstractMachine TRACE: Exception caught, executing pending motion: java.lang.Exception: GcodeAsyncDriver configuration error: missing POSITION_REPORT_REGEX.
	at org.openpnp.machine.reference.driver.GcodeDriver.getReportedLocation(GcodeDriver.java:760)
	at org.openpnp.machine.reference.driver.GcodeAsyncDriver.waitForCompletion(GcodeAsyncDriver.java:383)
	at org.openpnp.machine.reference.driver.AbstractMotionPlanner.waitForDriverCompletion(AbstractMotionPlanner.java:852)
	at org.openpnp.machine.reference.driver.AbstractMotionPlanner.waitForCompletion(AbstractMotionPlanner.java:763)
	at org.openpnp.machine.reference.driver.AbstractMotionPlanner.home(AbstractMotionPlanner.java:114)
	at org.openpnp.machine.reference.ReferenceMachine.home(ReferenceMachine.java:534)
	at org.openpnp.gui.MachineControlsPanel$HomeAction.lambda$actionPerformed$0(MachineControlsPanel.java:420)
	at org.openpnp.util.UiUtils.lambda$submitUiMachineTask$0(UiUtils.java:67)
	at org.openpnp.spi.base.AbstractMachine$1.call(AbstractMachine.java:575)
	at java.base/java.util.concurrent.FutureTask.run(FutureTask.java:317)
	at java.base/java.util.concurrent.ThreadPoolExecutor.runWorker(ThreadPoolExecutor.java:1144)
	at java.base/java.util.concurrent.ThreadPoolExecutor$Worker.run(ThreadPoolExecutor.java:642)
	at java.base/java.lang.Thread.run(Thread.java:1575)
2025-06-27 00:13:31.260 GcodeAsyncDriver$WriterThread TRACE: [GcodeAsyncDriver:192.168.0.127:23] >> G28 Z
2025-06-27 00:13:31.260 AbstractMachine TRACE: Machine entering idle state.
2025-06-27 00:13:31.260 MessageBoxes DEBUG: Error: java.lang.Exception: GcodeAsyncDriver configuration error: missing POSITION_REPORT_REGEX.
2025-06-27 00:13:31.712 GcodeDriver$ReaderThread TRACE: [GcodeAsyncDriver:192.168.0.127:23] << ok
2025-06-27 00:13:59.481 ReferenceMachine DEBUG: homing machine
2025-06-27 00:13:59.483 GcodeAsyncDriver DEBUG: [GcodeAsyncDriver:192.168.0.127:23] commandQueue offer >> G28 Z
2025-06-27 00:13:59.484 GcodeDriver TRACE: Send-on-change logic for Feed Rate, Acceleration and Jerk reset
2025-06-27 00:13:59.484 GcodeDriver TRACE: [GcodeAsyncDriver:192.168.0.127:23] confirmed G28 Z
2025-06-27 00:13:59.484 GcodeAsyncDriver DEBUG: [GcodeAsyncDriver:192.168.0.127:23] commandQueue offer >> M114
2025-06-27 00:13:59.484 GcodeAsyncDriver$WriterThread TRACE: [GcodeAsyncDriver:192.168.0.127:23] >> G28 Z
2025-06-27 00:13:59.927 GcodeDriver$ReaderThread TRACE: [GcodeAsyncDriver:192.168.0.127:23] << ok
2025-06-27 00:13:59.928 GcodeDriver TRACE: [GcodeAsyncDriver:192.168.0.127:23] confirmed G28 Z
2025-06-27 00:13:59.928 GcodeAsyncDriver$WriterThread TRACE: [GcodeAsyncDriver:192.168.0.127:23] >> M114
2025-06-27 00:13:59.936 GcodeDriver$ReaderThread TRACE: [GcodeAsyncDriver:192.168.0.127:23] << X:19.990 Y:-0.090 Z:0.000 E:0.000 E0:0.0 E1:0.0 Count 25587 -115 0 Machine 19.990 -0.090 0.000 Bed comp 0.000
2025-06-27 00:13:59.937 GcodeDriver$ReaderThread TRACE: [GcodeAsyncDriver:192.168.0.127:23] << ok
2025-06-27 00:14:59.485 AbstractMachine TRACE: Exception caught, executing pending motion: java.lang.Exception: GcodeAsyncDriver timeout waiting for response to M114
	at org.openpnp.machine.reference.driver.GcodeDriver.getReportedLocation(GcodeDriver.java:775)
	at org.openpnp.machine.reference.driver.GcodeAsyncDriver.waitForCompletion(GcodeAsyncDriver.java:383)
	at org.openpnp.machine.reference.driver.AbstractMotionPlanner.waitForDriverCompletion(AbstractMotionPlanner.java:852)
	at org.openpnp.machine.reference.driver.AbstractMotionPlanner.waitForCompletion(AbstractMotionPlanner.java:763)
	at org.openpnp.machine.reference.driver.AbstractMotionPlanner.home(AbstractMotionPlanner.java:114)
	at org.openpnp.machine.reference.ReferenceMachine.home(ReferenceMachine.java:534)
	at org.openpnp.gui.MachineControlsPanel$HomeAction.lambda$actionPerformed$0(MachineControlsPanel.java:420)
	at org.openpnp.util.UiUtils.lambda$submitUiMachineTask$0(UiUtils.java:67)
	at org.openpnp.spi.base.AbstractMachine$1.call(AbstractMachine.java:575)
	at java.base/java.util.concurrent.FutureTask.run(FutureTask.java:317)
	at java.base/java.util.concurrent.ThreadPoolExecutor.runWorker(ThreadPoolExecutor.java:1144)
	at java.base/java.util.concurrent.ThreadPoolExecutor$Worker.run(ThreadPoolExecutor.java:642)
	at java.base/java.lang.Thread.run(Thread.java:1575)
2025-06-27 00:14:59.487 AbstractMachine TRACE: Machine entering idle state.
2025-06-27 00:14:59.492 MessageBoxes DEBUG: Error: java.lang.Exception: GcodeAsyncDriver timeout waiting for response to M114
2025-06-27 00:19:27.316 AbstractHeadMountable DEBUG: Top.moveTo((0.010000, 0.000000, 0.000000, 0.000000 mm), 1.0)
2025-06-27 00:19:27.317 AbstractMachine TRACE: Exception caught, executing pending motion: java.lang.Exception: Machine not homed. Jogging only allowed if driver GcodeAsyncDriver has option "Sync. Initial Location" enabled.
	at org.openpnp.machine.reference.driver.AbstractMotionPlanner.moveTo(AbstractMotionPlanner.java:173)
	at org.openpnp.machine.reference.driver.NullMotionPlanner.moveTo(NullMotionPlanner.java:48)
	at org.openpnp.machine.reference.ReferenceHead.moveTo(ReferenceHead.java:157)
	at org.openpnp.spi.base.AbstractHeadMountable.moveTo(AbstractHeadMountable.java:243)
	at org.openpnp.spi.base.AbstractHeadMountable.moveTo(AbstractHeadMountable.java:280)
	at org.openpnp.gui.JogControlsPanel.jogTool(JogControlsPanel.java:216)
	at org.openpnp.gui.JogControlsPanel.lambda$jog$0(JogControlsPanel.java:167)
	at org.openpnp.util.UiUtils.lambda$submitUiMachineTask$0(UiUtils.java:67)
	at org.openpnp.spi.base.AbstractMachine$1.call(AbstractMachine.java:575)
	at java.base/java.util.concurrent.FutureTask.run(FutureTask.java:317)
	at java.base/java.util.concurrent.ThreadPoolExecutor.runWorker(ThreadPoolExecutor.java:1144)
	at java.base/java.util.concurrent.ThreadPoolExecutor$Worker.run(ThreadPoolExecutor.java:642)
	at java.base/java.lang.Thread.run(Thread.java:1575)
2025-06-27 00:19:27.317 AbstractMachine TRACE: Machine entering idle state.
2025-06-27 00:19:27.317 MessageBoxes DEBUG: Error: java.lang.Exception: Machine not homed. Jogging only allowed if driver GcodeAsyncDriver has option "Sync. Initial Location" enabled.
2025-06-27 00:19:31.056 ReferenceMachine DEBUG: homing machine
2025-06-27 00:19:31.057 GcodeAsyncDriver DEBUG: [GcodeAsyncDriver:192.168.0.127:23] commandQueue offer >> G28 Z
2025-06-27 00:19:31.058 GcodeDriver TRACE: Send-on-change logic for Feed Rate, Acceleration and Jerk reset
2025-06-27 00:19:31.058 GcodeDriver TRACE: [GcodeAsyncDriver:192.168.0.127:23] confirmed M114
2025-06-27 00:19:31.058 GcodeAsyncDriver DEBUG: [GcodeAsyncDriver:192.168.0.127:23] commandQueue offer >> M114
2025-06-27 00:19:31.058 GcodeAsyncDriver$WriterThread TRACE: [GcodeAsyncDriver:192.168.0.127:23] >> G28 Z
2025-06-27 00:19:31.501 GcodeDriver$ReaderThread TRACE: [GcodeAsyncDriver:192.168.0.127:23] << ok
2025-06-27 00:19:31.501 GcodeDriver TRACE: [GcodeAsyncDriver:192.168.0.127:23] confirmed G28 Z
2025-06-27 00:19:31.502 GcodeAsyncDriver$WriterThread TRACE: [GcodeAsyncDriver:192.168.0.127:23] >> M114
2025-06-27 00:19:31.508 GcodeDriver$ReaderThread TRACE: [GcodeAsyncDriver:192.168.0.127:23] << X:19.990 Y:-0.090 Z:0.000 E:0.000 E0:0.0 E1:0.0 Count 25587 -115 0 Machine 19.990 -0.090 0.000 Bed comp 0.000
2025-06-27 00:19:31.508 GcodeDriver$ReaderThread TRACE: [GcodeAsyncDriver:192.168.0.127:23] << ok
2025-06-27 00:20:24.082 ReferenceMachine DEBUG: setEnabled(false)
2025-06-27 00:20:24.083 ReferenceMachine INFO: setHomed(false)
2025-06-27 00:20:24.086 GcodeDriver TRACE: [GcodeAsyncDriver:192.168.0.127:23] confirmed M114
2025-06-27 00:20:24.088 GcodeDriver$ReaderThread TRACE: [GcodeAsyncDriver:192.168.0.127:23] Read error while disconnecting (expected)
2025-06-27 00:20:24.097 MessageBoxes DEBUG: Error: java.lang.Exception: Error actuating LIGHT_TOP
2025-06-27 00:20:24.130 MessageBoxes DEBUG: Error: java.lang.Exception: Error actuating LIGHT_BOTTOM
2025-06-27 00:20:24.190 GcodeAsyncDriver$WriterThread TRACE: [GcodeAsyncDriver:192.168.0.127:23] disconnectRequested, bye-bye.
2025-06-27 00:20:31.073 AbstractMachine TRACE: Exception caught, executing pending motion: java.lang.Exception: GcodeAsyncDriver timeout waiting for response to M114
	at org.openpnp.machine.reference.driver.GcodeDriver.getReportedLocation(GcodeDriver.java:775)
	at org.openpnp.machine.reference.driver.GcodeAsyncDriver.waitForCompletion(GcodeAsyncDriver.java:383)
	at org.openpnp.machine.reference.driver.AbstractMotionPlanner.waitForDriverCompletion(AbstractMotionPlanner.java:852)
	at org.openpnp.machine.reference.driver.AbstractMotionPlanner.waitForCompletion(AbstractMotionPlanner.java:763)
	at org.openpnp.machine.reference.driver.AbstractMotionPlanner.home(AbstractMotionPlanner.java:114)
	at org.openpnp.machine.reference.ReferenceMachine.home(ReferenceMachine.java:534)
	at org.openpnp.gui.MachineControlsPanel$HomeAction.lambda$actionPerformed$0(MachineControlsPanel.java:420)
	at org.openpnp.util.UiUtils.lambda$submitUiMachineTask$0(UiUtils.java:67)
	at org.openpnp.spi.base.AbstractMachine$1.call(AbstractMachine.java:575)
	at java.base/java.util.concurrent.FutureTask.run(FutureTask.java:317)
	at java.base/java.util.concurrent.ThreadPoolExecutor.runWorker(ThreadPoolExecutor.java:1144)
	at java.base/java.util.concurrent.ThreadPoolExecutor$Worker.run(ThreadPoolExecutor.java:642)
	at java.base/java.lang.Thread.run(Thread.java:1575)
2025-06-27 00:20:31.075 AbstractMachine TRACE: Machine entering idle state.
2025-06-27 00:20:31.080 MessageBoxes DEBUG: Error: java.lang.Exception: GcodeAsyncDriver timeout waiting for response to M114
2025-06-27 00:20:34.079 MainFrame INFO: Shutting down...
2025-06-27 00:20:34.397 ReferenceMachine DEBUG: setEnabled(false)
2025-06-27 00:20:34.398 ReferenceMachine INFO: setHomed(false)
2025-06-27 00:20:34.399 AbstractMachine TRACE: Machine not enabled, task ignored.
2025-06-27 00:20:34.399 AbstractMachine TRACE: Machine not enabled, task ignored.
2025-06-27 00:20:34.402 AbstractBroadcastingCamera TRACE: Camera Bottom thread 113 bye-bye.
2025-06-27 00:20:34.403 AbstractBroadcastingCamera TRACE: Camera Top thread 111 bye-bye.
2025-06-27 00:20:34.403 MainFrame INFO: Shutdown complete, exiting.
