2025-06-27 09:35:22.309 Main INFO: Bienvenue, Bienvenido, Willkommen, Hello, Namaskar, Welkom, Bonjour to OpenPnP version 2025-02-02_20-41-38.e468422.
2025-06-27 09:35:22.311 Scripting TRACE: Scripting.on Startup
2025-06-27 09:35:22.321 CameraView DEBUG: Failed to load camera specific reticle, checking default.
2025-06-27 09:35:22.322 CameraView DEBUG: No reticle preference found.
2025-06-27 09:35:23.237 CameraView DEBUG: Failed to load camera specific reticle, checking default.
2025-06-27 09:35:23.238 CameraView DEBUG: No reticle preference found.
2025-06-27 09:35:23.248 AbstractBroadcastingCamera TRACE: Camera Bottom thread 113 started.
2025-06-27 09:35:23.249 AbstractBroadcastingCamera TRACE: Camera Top thread 111 started.
2025-06-27 09:35:27.083 ReferenceMachine DEBUG: setEnabled(true)
2025-06-27 09:35:27.088 GcodeDriver DEBUG: [GcodeDriver:192.168.0.127:23] Connect
2025-06-27 09:35:27.224 GcodeDriver TRACE: GcodeDriver waiting for connection 3000ms
2025-06-27 09:35:27.229 GcodeDriver$ReaderThread ERROR: [GcodeDriver:192.168.0.127:23] Read error: java.net.SocketException: Connection reset
	at java.base/sun.nio.ch.NioSocketImpl.implRead(NioSocketImpl.java:318)
	at java.base/sun.nio.ch.NioSocketImpl.read(NioSocketImpl.java:346)
	at java.base/sun.nio.ch.NioSocketImpl$1.read(NioSocketImpl.java:796)
	at java.base/java.net.Socket$SocketInputStream.implRead(Socket.java:1116)
	at java.base/java.net.Socket$SocketInputStream.read(Socket.java:1103)
	at java.base/sun.nio.cs.StreamDecoder.readBytes(StreamDecoder.java:350)
	at java.base/sun.nio.cs.StreamDecoder.implRead(StreamDecoder.java:393)
	at java.base/sun.nio.cs.StreamDecoder.lockedRead(StreamDecoder.java:217)
	at java.base/sun.nio.cs.StreamDecoder.read(StreamDecoder.java:171)
	at java.base/java.io.InputStreamReader.read(InputStreamReader.java:190)
	at java.base/java.io.BufferedReader.fill(BufferedReader.java:160)
	at java.base/java.io.BufferedReader.implRead(BufferedReader.java:196)
	at java.base/java.io.BufferedReader.read(BufferedReader.java:181)
	at org.openpnp.machine.reference.driver.TcpCommunications.read(TcpCommunications.java:73)
	at org.openpnp.machine.reference.driver.ReferenceDriverCommunications.readUntil(ReferenceDriverCommunications.java:108)
	at org.openpnp.machine.reference.driver.ReferenceDriverCommunications.readLine(ReferenceDriverCommunications.java:86)
	at org.openpnp.machine.reference.driver.GcodeDriver$ReaderThread.run(GcodeDriver.java:1487)
2025-06-27 09:35:30.226 GcodeDriver TRACE: Send-on-change logic for Feed Rate, Acceleration and Jerk reset
2025-06-27 09:35:30.273 AbstractMachine TRACE: Machine entering idle state.
2025-06-27 09:35:41.519 ReferenceMachine DEBUG: homing machine
2025-06-27 09:35:41.522 GcodeDriver TRACE: Send-on-change logic for Feed Rate, Acceleration and Jerk reset
2025-06-27 09:35:41.523 Scripting TRACE: Scripting.on Machine.AfterDriverHoming
2025-06-27 09:35:41.524 ReferenceHead DEBUG: H1.home()
2025-06-27 09:35:41.524 ReferenceNozzle DEBUG: N1.home()
2025-06-27 09:35:41.524 ReferenceNozzle DEBUG: N2.home()
2025-06-27 09:35:41.525 Scripting TRACE: Scripting.on Machine.AfterHoming
2025-06-27 09:35:41.526 ReferenceMachine INFO: setHomed(true)
2025-06-27 09:35:41.526 AbstractMachine TRACE: Machine entering idle state.
2025-06-27 09:35:43.273 MainFrame INFO: Shutting down...
2025-06-27 09:35:43.456 ReferenceMachine DEBUG: setEnabled(false)
2025-06-27 09:35:43.457 ReferenceMachine INFO: setHomed(false)
2025-06-27 09:35:43.459 ReferenceActuator DEBUG: LIGHT_BOTTOM.actuate(false)
2025-06-27 09:35:43.460 AbstractMachine TRACE: Machine entering idle state.
2025-06-27 09:35:43.461 ReferenceActuator DEBUG: LIGHT_TOP.actuate(false)
2025-06-27 09:35:43.462 AbstractMachine TRACE: Machine entering idle state.
2025-06-27 09:35:43.476 AbstractBroadcastingCamera TRACE: Camera Bottom thread 113 bye-bye.
2025-06-27 09:35:43.476 AbstractBroadcastingCamera TRACE: Camera Top thread 111 bye-bye.
2025-06-27 09:35:43.477 MainFrame INFO: Shutdown complete, exiting.
