2025-06-27 00:05:46.095 Main INFO: Bienvenue, Bienvenido, Willkommen, Hello, Namaskar, Welkom, Bonjour to OpenPnP version 2025-02-02_20-41-38.e468422.
2025-06-27 00:05:46.096 Scripting TRACE: Scripting.on Startup
2025-06-27 00:05:46.106 CameraView DEBUG: Failed to load camera specific reticle, checking default.
2025-06-27 00:05:46.107 CameraView DEBUG: No reticle preference found.
2025-06-27 00:05:47.048 CameraView DEBUG: Failed to load camera specific reticle, checking default.
2025-06-27 00:05:47.048 CameraView DEBUG: No reticle preference found.
2025-06-27 00:05:47.057 AbstractBroadcastingCamera TRACE: Camera Bottom thread 113 started.
2025-06-27 00:05:47.057 AbstractBroadcastingCamera TRACE: Camera Top thread 111 started.
2025-06-27 00:05:58.628 ReferenceMachine DEBUG: setEnabled(true)
2025-06-27 00:05:58.633 GcodeDriver DEBUG: [GcodeAsyncDriver:192.168.0.127:23] Connect
2025-06-27 00:05:58.651 GcodeDriver TRACE: GcodeAsyncDriver waiting for connection 3000ms
2025-06-27 00:06:01.653 GcodeDriver TRACE: Send-on-change logic for Feed Rate, Acceleration and Jerk reset
2025-06-27 00:06:01.702 AbstractMachine TRACE: Machine entering idle state.
2025-06-27 00:06:09.965 ReferenceHead DEBUG: H1.moveToSafeZ(1.0)
2025-06-27 00:06:09.967 AbstractHeadMountable DEBUG: N1.moveToSafeZ(1.0)
2025-06-27 00:06:09.968 AbstractHeadMountable DEBUG: N2.moveToSafeZ(1.0)
2025-06-27 00:06:09.969 AbstractHeadMountable DEBUG: Top.moveToSafeZ(1.0)
2025-06-27 00:06:09.970 AbstractHeadMountable DEBUG: N1.moveTo((0.000000, 0.000000, 0.000000, 0.000000 mm), 1.0)
2025-06-27 00:06:09.977 AbstractMachine TRACE: Machine entering idle state.
2025-06-27 00:06:14.749 ReferenceHead DEBUG: H1.moveToSafeZ(1.0)
2025-06-27 00:06:14.750 AbstractHeadMountable DEBUG: N1.moveToSafeZ(1.0)
2025-06-27 00:06:14.750 AbstractHeadMountable DEBUG: N2.moveToSafeZ(1.0)
2025-06-27 00:06:14.751 AbstractHeadMountable DEBUG: Top.moveToSafeZ(1.0)
2025-06-27 00:06:14.752 AbstractHeadMountable DEBUG: N1.moveTo((0.000000, 0.000000, 0.000000, 0.000000 mm), 1.0)
2025-06-27 00:06:14.754 AbstractMachine TRACE: Machine entering idle state.
2025-06-27 00:06:32.119 ReferenceHead DEBUG: H1.moveToSafeZ(1.0)
2025-06-27 00:06:32.119 AbstractHeadMountable DEBUG: N1.moveToSafeZ(1.0)
2025-06-27 00:06:32.120 AbstractHeadMountable DEBUG: N2.moveToSafeZ(1.0)
2025-06-27 00:06:32.121 AbstractHeadMountable DEBUG: Top.moveToSafeZ(1.0)
2025-06-27 00:06:32.121 AbstractHeadMountable DEBUG: N1.moveTo((0.000000, 0.000000, 0.000000, 0.000000 mm), 1.0)
2025-06-27 00:06:32.124 AbstractMachine TRACE: Machine entering idle state.
2025-06-27 00:06:33.477 ReferenceHead DEBUG: H1.moveToSafeZ(1.0)
2025-06-27 00:06:33.477 AbstractHeadMountable DEBUG: N1.moveToSafeZ(1.0)
2025-06-27 00:06:33.478 AbstractHeadMountable DEBUG: N2.moveToSafeZ(1.0)
2025-06-27 00:06:33.479 AbstractHeadMountable DEBUG: Top.moveToSafeZ(1.0)
2025-06-27 00:06:33.480 AbstractHeadMountable DEBUG: N1.moveTo((0.000000, 0.000000, 0.000000, 0.000000 mm), 1.0)
2025-06-27 00:06:33.485 AbstractMachine TRACE: Machine entering idle state.
2025-06-27 00:06:34.685 ReferenceHead DEBUG: H1.moveToSafeZ(1.0)
2025-06-27 00:06:34.685 AbstractHeadMountable DEBUG: N1.moveToSafeZ(1.0)
2025-06-27 00:06:34.686 AbstractHeadMountable DEBUG: N2.moveToSafeZ(1.0)
2025-06-27 00:06:34.687 AbstractHeadMountable DEBUG: Top.moveToSafeZ(1.0)
2025-06-27 00:06:34.688 AbstractHeadMountable DEBUG: N1.moveTo((0.000000, 0.000000, 0.000000, 0.000000 mm), 1.0)
2025-06-27 00:06:34.690 AbstractMachine TRACE: Machine entering idle state.
2025-06-27 00:06:43.224 AbstractHeadMountable DEBUG: N1.moveTo((0.010000, 0.000000, 0.000000, 0.000000 mm), 1.0)
2025-06-27 00:06:43.226 AbstractMachine TRACE: Exception caught, executing pending motion: java.lang.Exception: Machine not homed. Jogging only allowed if driver GcodeAsyncDriver has option "Sync. Initial Location" enabled.
	at org.openpnp.machine.reference.driver.AbstractMotionPlanner.moveTo(AbstractMotionPlanner.java:173)
	at org.openpnp.machine.reference.driver.NullMotionPlanner.moveTo(NullMotionPlanner.java:48)
	at org.openpnp.machine.reference.ReferenceHead.moveTo(ReferenceHead.java:157)
	at org.openpnp.spi.base.AbstractHeadMountable.moveTo(AbstractHeadMountable.java:243)
	at org.openpnp.spi.base.AbstractHeadMountable.moveTo(AbstractHeadMountable.java:280)
	at org.openpnp.gui.JogControlsPanel.jogTool(JogControlsPanel.java:216)
	at org.openpnp.gui.JogControlsPanel.lambda$jog$0(JogControlsPanel.java:167)
	at org.openpnp.util.UiUtils.lambda$submitUiMachineTask$0(UiUtils.java:67)
	at org.openpnp.spi.base.AbstractMachine$1.call(AbstractMachine.java:575)
	at java.base/java.util.concurrent.FutureTask.run(FutureTask.java:317)
	at java.base/java.util.concurrent.ThreadPoolExecutor.runWorker(ThreadPoolExecutor.java:1144)
	at java.base/java.util.concurrent.ThreadPoolExecutor$Worker.run(ThreadPoolExecutor.java:642)
	at java.base/java.lang.Thread.run(Thread.java:1575)
2025-06-27 00:06:43.227 AbstractMachine TRACE: Machine entering idle state.
2025-06-27 00:06:43.228 MessageBoxes DEBUG: Error: java.lang.Exception: Machine not homed. Jogging only allowed if driver GcodeAsyncDriver has option "Sync. Initial Location" enabled.
2025-06-27 00:06:45.630 AbstractHeadMountable DEBUG: N1.moveTo((0.000000, 0.000000, 0.010000, 0.000000 mm), 1.0)
2025-06-27 00:06:45.631 AbstractMachine TRACE: Exception caught, executing pending motion: java.lang.Exception: Machine not homed. Jogging only allowed if driver GcodeAsyncDriver has option "Sync. Initial Location" enabled.
	at org.openpnp.machine.reference.driver.AbstractMotionPlanner.moveTo(AbstractMotionPlanner.java:173)
	at org.openpnp.machine.reference.driver.NullMotionPlanner.moveTo(NullMotionPlanner.java:48)
	at org.openpnp.machine.reference.ReferenceHead.moveTo(ReferenceHead.java:157)
	at org.openpnp.spi.base.AbstractHeadMountable.moveTo(AbstractHeadMountable.java:243)
	at org.openpnp.spi.base.AbstractHeadMountable.moveTo(AbstractHeadMountable.java:280)
	at org.openpnp.gui.JogControlsPanel.jogTool(JogControlsPanel.java:216)
	at org.openpnp.gui.JogControlsPanel.lambda$jog$0(JogControlsPanel.java:167)
	at org.openpnp.util.UiUtils.lambda$submitUiMachineTask$0(UiUtils.java:67)
	at org.openpnp.spi.base.AbstractMachine$1.call(AbstractMachine.java:575)
	at java.base/java.util.concurrent.FutureTask.run(FutureTask.java:317)
	at java.base/java.util.concurrent.ThreadPoolExecutor.runWorker(ThreadPoolExecutor.java:1144)
	at java.base/java.util.concurrent.ThreadPoolExecutor$Worker.run(ThreadPoolExecutor.java:642)
	at java.base/java.lang.Thread.run(Thread.java:1575)
2025-06-27 00:06:45.631 AbstractMachine TRACE: Machine entering idle state.
2025-06-27 00:06:45.631 MessageBoxes DEBUG: Error: java.lang.Exception: Machine not homed. Jogging only allowed if driver GcodeAsyncDriver has option "Sync. Initial Location" enabled.
2025-06-27 00:06:50.773 ReferenceHead DEBUG: H1.moveToSafeZ(1.0)
2025-06-27 00:06:50.774 AbstractHeadMountable DEBUG: N1.moveToSafeZ(1.0)
2025-06-27 00:06:50.775 AbstractHeadMountable DEBUG: N2.moveToSafeZ(1.0)
2025-06-27 00:06:50.776 AbstractHeadMountable DEBUG: Top.moveToSafeZ(1.0)
2025-06-27 00:06:50.776 AbstractHeadMountable DEBUG: N1.moveTo((0.000000, 0.000000, 0.000000, 0.000000 mm), 1.0)
2025-06-27 00:06:50.779 AbstractMachine TRACE: Machine entering idle state.
2025-06-27 00:06:53.128 ReferenceMachine DEBUG: homing machine
2025-06-27 00:06:53.131 GcodeDriver TRACE: Send-on-change logic for Feed Rate, Acceleration and Jerk reset
2025-06-27 00:06:53.132 AbstractMachine TRACE: Exception caught, executing pending motion: java.lang.Exception: Axis C1 has no driver set.
	at org.openpnp.machine.reference.driver.AbstractMotionPlanner.home(AbstractMotionPlanner.java:106)
	at org.openpnp.machine.reference.ReferenceMachine.home(ReferenceMachine.java:534)
	at org.openpnp.gui.MachineControlsPanel$HomeAction.lambda$actionPerformed$0(MachineControlsPanel.java:420)
	at org.openpnp.util.UiUtils.lambda$submitUiMachineTask$0(UiUtils.java:67)
	at org.openpnp.spi.base.AbstractMachine$1.call(AbstractMachine.java:575)
	at java.base/java.util.concurrent.FutureTask.run(FutureTask.java:317)
	at java.base/java.util.concurrent.ThreadPoolExecutor.runWorker(ThreadPoolExecutor.java:1144)
	at java.base/java.util.concurrent.ThreadPoolExecutor$Worker.run(ThreadPoolExecutor.java:642)
	at java.base/java.lang.Thread.run(Thread.java:1575)
2025-06-27 00:06:53.132 AbstractMachine TRACE: Machine entering idle state.
2025-06-27 00:06:53.134 MessageBoxes DEBUG: Error: java.lang.Exception: Axis C1 has no driver set.
2025-06-27 00:07:02.149 GcodeAsyncDriver DEBUG: [GcodeAsyncDriver:192.168.0.127:23] commandQueue offer >> M114
2025-06-27 00:07:02.150 GcodeAsyncDriver$WriterThread TRACE: [GcodeAsyncDriver:192.168.0.127:23] >> M114
2025-06-27 00:07:02.156 GcodeDriver$ReaderThread TRACE: [GcodeAsyncDriver:192.168.0.127:23] << X:19.990 Y:-0.090 Z:40.000 E:0.000 E0:0.0 E1:0.0 Count 25587 -115 3200 Machine 19.990 -0.090 40.000 Bed comp 0.000
2025-06-27 00:07:02.157 GcodeDriver$ReaderThread TRACE: [GcodeAsyncDriver:192.168.0.127:23] << ok
2025-06-27 00:07:28.620 ReferenceMachine DEBUG: setEnabled(false)
2025-06-27 00:07:28.620 ReferenceMachine INFO: setHomed(false)
2025-06-27 00:07:28.622 GcodeDriver TRACE: [GcodeAsyncDriver:192.168.0.127:23] confirmed M114
2025-06-27 00:07:28.625 GcodeDriver$ReaderThread TRACE: [GcodeAsyncDriver:192.168.0.127:23] Read error while disconnecting (expected)
2025-06-27 00:07:28.636 MessageBoxes DEBUG: Error: java.lang.Exception: Error actuating LIGHT_TOP
2025-06-27 00:07:28.672 MessageBoxes DEBUG: Error: java.lang.Exception: Error actuating LIGHT_BOTTOM
2025-06-27 00:07:28.723 GcodeAsyncDriver$WriterThread TRACE: [GcodeAsyncDriver:192.168.0.127:23] disconnectRequested, bye-bye.
2025-06-27 00:07:51.996 MainFrame INFO: Shutting down...
2025-06-27 00:07:52.219 ReferenceMachine DEBUG: setEnabled(false)
2025-06-27 00:07:52.220 ReferenceMachine INFO: setHomed(false)
2025-06-27 00:07:52.221 AbstractMachine TRACE: Machine not enabled, task ignored.
2025-06-27 00:07:52.221 AbstractMachine TRACE: Machine not enabled, task ignored.
2025-06-27 00:07:52.225 AbstractBroadcastingCamera TRACE: Camera Bottom thread 113 bye-bye.
2025-06-27 00:07:52.226 AbstractBroadcastingCamera TRACE: Camera Top thread 111 bye-bye.
2025-06-27 00:07:52.227 MainFrame INFO: Shutdown complete, exiting.
