2025-06-27 09:34:06.229 Main INFO: Bienvenue, Bienvenido, Willkommen, Hello, Namaskar, Welkom, Bonjour to OpenPnP version 2025-02-02_20-41-38.e468422.
2025-06-27 09:34:06.231 Scripting TRACE: Scripting.on Startup
2025-06-27 09:34:06.243 CameraView DEBUG: Failed to load camera specific reticle, checking default.
2025-06-27 09:34:06.243 CameraView DEBUG: No reticle preference found.
2025-06-27 09:34:07.208 CameraView DEBUG: Failed to load camera specific reticle, checking default.
2025-06-27 09:34:07.208 CameraView DEBUG: No reticle preference found.
2025-06-27 09:34:07.219 AbstractBroadcastingCamera TRACE: Camera Bottom thread 113 started.
2025-06-27 09:34:07.219 AbstractBroadcastingCamera TRACE: Camera Top thread 111 started.
2025-06-27 09:34:12.622 GcodeDriver DEBUG: [GcodeDriver:] Connect
2025-06-27 09:34:12.624 GcodeDriver TRACE: GcodeDriver waiting for connection 3000ms
2025-06-27 09:34:12.624 GcodeDriver$ReaderThread ERROR: [GcodeDriver:] Read error: java.io.IOException: Read error.
	at org.openpnp.machine.reference.driver.SerialPortCommunications.read(SerialPortCommunications.java:150)
	at org.openpnp.machine.reference.driver.ReferenceDriverCommunications.readUntil(ReferenceDriverCommunications.java:108)
	at org.openpnp.machine.reference.driver.ReferenceDriverCommunications.readLine(ReferenceDriverCommunications.java:86)
	at org.openpnp.machine.reference.driver.GcodeDriver$ReaderThread.run(GcodeDriver.java:1487)
2025-06-27 09:34:15.625 GcodeDriver TRACE: Send-on-change logic for Feed Rate, Acceleration and Jerk reset
2025-06-27 09:34:15.626 GcodeDriver DEBUG: === Detecting firmware and position reporting, please ignore any errors and warnings.
2025-06-27 09:34:15.629 MessageBoxes DEBUG: Error: java.lang.Exception: GcodeDriver: IO Error on reading from the controller.
2025-06-27 09:34:23.007 GcodeDriver DEBUG: [GcodeDriver:] Connect
2025-06-27 09:34:23.009 GcodeDriver TRACE: GcodeDriver waiting for connection 3000ms
2025-06-27 09:34:23.009 GcodeDriver$ReaderThread ERROR: [GcodeDriver:] Read error: java.io.IOException: Read error.
	at org.openpnp.machine.reference.driver.SerialPortCommunications.read(SerialPortCommunications.java:150)
	at org.openpnp.machine.reference.driver.ReferenceDriverCommunications.readUntil(ReferenceDriverCommunications.java:108)
	at org.openpnp.machine.reference.driver.ReferenceDriverCommunications.readLine(ReferenceDriverCommunications.java:86)
	at org.openpnp.machine.reference.driver.GcodeDriver$ReaderThread.run(GcodeDriver.java:1487)
2025-06-27 09:34:26.010 GcodeDriver TRACE: Send-on-change logic for Feed Rate, Acceleration and Jerk reset
2025-06-27 09:34:26.011 GcodeDriver DEBUG: === Detecting firmware and position reporting, please ignore any errors and warnings.
2025-06-27 09:34:26.012 MessageBoxes DEBUG: Error: java.lang.Exception: GcodeDriver: IO Error on reading from the controller.
2025-06-27 09:34:53.612 ReferenceMachine DEBUG: setEnabled(true)
2025-06-27 09:34:53.617 GcodeDriver DEBUG: [GcodeDriver:192.168.0.127:23] Connect
2025-06-27 09:34:53.874 GcodeDriver TRACE: GcodeDriver waiting for connection 3000ms
2025-06-27 09:34:53.876 GcodeDriver$ReaderThread ERROR: [GcodeDriver:192.168.0.127:23] Read error: java.net.SocketException: Connection reset
	at java.base/sun.nio.ch.NioSocketImpl.implRead(NioSocketImpl.java:318)
	at java.base/sun.nio.ch.NioSocketImpl.read(NioSocketImpl.java:346)
	at java.base/sun.nio.ch.NioSocketImpl$1.read(NioSocketImpl.java:796)
	at java.base/java.net.Socket$SocketInputStream.implRead(Socket.java:1116)
	at java.base/java.net.Socket$SocketInputStream.read(Socket.java:1103)
	at java.base/sun.nio.cs.StreamDecoder.readBytes(StreamDecoder.java:350)
	at java.base/sun.nio.cs.StreamDecoder.implRead(StreamDecoder.java:393)
	at java.base/sun.nio.cs.StreamDecoder.lockedRead(StreamDecoder.java:217)
	at java.base/sun.nio.cs.StreamDecoder.read(StreamDecoder.java:171)
	at java.base/java.io.InputStreamReader.read(InputStreamReader.java:190)
	at java.base/java.io.BufferedReader.fill(BufferedReader.java:160)
	at java.base/java.io.BufferedReader.implRead(BufferedReader.java:196)
	at java.base/java.io.BufferedReader.read(BufferedReader.java:181)
	at org.openpnp.machine.reference.driver.TcpCommunications.read(TcpCommunications.java:73)
	at org.openpnp.machine.reference.driver.ReferenceDriverCommunications.readUntil(ReferenceDriverCommunications.java:108)
	at org.openpnp.machine.reference.driver.ReferenceDriverCommunications.readLine(ReferenceDriverCommunications.java:86)
	at org.openpnp.machine.reference.driver.GcodeDriver$ReaderThread.run(GcodeDriver.java:1487)
2025-06-27 09:34:56.875 GcodeDriver TRACE: Send-on-change logic for Feed Rate, Acceleration and Jerk reset
2025-06-27 09:34:56.892 AbstractMachine TRACE: Machine entering idle state.
2025-06-27 09:35:02.932 GcodeDriver DEBUG: === Detecting firmware and position reporting, please ignore any errors and warnings.
2025-06-27 09:35:02.933 AbstractMachine TRACE: Exception caught, executing pending motion: java.lang.Exception: GcodeDriver:192.168.0.127:23 IO Error on reading from the controller.
	at org.openpnp.machine.reference.driver.GcodeDriver.bailOnError(GcodeDriver.java:1280)
	at org.openpnp.machine.reference.driver.GcodeDriver.sendCommand(GcodeDriver.java:1224)
	at org.openpnp.machine.reference.driver.GcodeDriver.sendCommand(GcodeDriver.java:1219)
	at org.openpnp.machine.reference.driver.GcodeDriver.detectFirmwareSequence(GcodeDriver.java:1864)
	at org.openpnp.machine.reference.driver.GcodeDriver.lambda$detectFirmware$7(GcodeDriver.java:1840)
	at org.openpnp.spi.base.AbstractMachine$1.call(AbstractMachine.java:575)
	at java.base/java.util.concurrent.FutureTask.run(FutureTask.java:317)
	at java.base/java.util.concurrent.ThreadPoolExecutor.runWorker(ThreadPoolExecutor.java:1144)
	at java.base/java.util.concurrent.ThreadPoolExecutor$Worker.run(ThreadPoolExecutor.java:642)
	at java.base/java.lang.Thread.run(Thread.java:1575)
2025-06-27 09:35:02.935 AbstractMachine TRACE: Machine entering idle state.
2025-06-27 09:35:02.936 MessageBoxes DEBUG: Error: java.lang.Exception: GcodeDriver:192.168.0.127:23 IO Error on reading from the controller.
2025-06-27 09:35:12.912 MainFrame INFO: Shutting down...
2025-06-27 09:35:13.099 ReferenceMachine DEBUG: setEnabled(false)
2025-06-27 09:35:13.100 ReferenceMachine INFO: setHomed(false)
2025-06-27 09:35:13.102 ReferenceActuator DEBUG: LIGHT_TOP.actuate(false)
2025-06-27 09:35:13.106 AbstractMachine TRACE: Machine entering idle state.
2025-06-27 09:35:13.106 ReferenceActuator DEBUG: LIGHT_BOTTOM.actuate(false)
2025-06-27 09:35:13.108 AbstractMachine TRACE: Machine entering idle state.
2025-06-27 09:35:13.119 AbstractBroadcastingCamera TRACE: Camera Bottom thread 113 bye-bye.
2025-06-27 09:35:13.120 AbstractBroadcastingCamera TRACE: Camera Top thread 111 bye-bye.
2025-06-27 09:35:13.120 MainFrame INFO: Shutdown complete, exiting.
